The system is: Linux - 4.13.0-39-generic - x86_64
Compiling the C compiler identification source file "CMakeCCompilerId.c" succeeded.
Compiler: /usr/bin/cc 
Build flags: 
Id flags: 

The output was:
0


Compilation of the C compiler identification source "CMakeCCompilerId.c" produced "a.out"

The C compiler identification is GNU, found in "/home/kh/libiio/build/CMakeFiles/3.5.1/CompilerIdC/a.out"

Determining if the C compiler works passed with the following output:
Change Dir: /home/kh/libiio/build/CMakeFiles/CMakeTmp

Run Build Command:"/usr/bin/make" "cmTC_a1557/fast"
/usr/bin/make -f CMakeFiles/cmTC_a1557.dir/build.make CMakeFiles/cmTC_a1557.dir/build
make[1]: Entering directory '/home/kh/libiio/build/CMakeFiles/CMakeTmp'
Building C object CMakeFiles/cmTC_a1557.dir/testCCompiler.c.o
/usr/bin/cc     -o CMakeFiles/cmTC_a1557.dir/testCCompiler.c.o   -c /home/kh/libiio/build/CMakeFiles/CMakeTmp/testCCompiler.c
Linking C executable cmTC_a1557
/usr/bin/cmake -E cmake_link_script CMakeFiles/cmTC_a1557.dir/link.txt --verbose=1
/usr/bin/cc       CMakeFiles/cmTC_a1557.dir/testCCompiler.c.o  -o cmTC_a1557 -rdynamic 
make[1]: Leaving directory '/home/kh/libiio/build/CMakeFiles/CMakeTmp'


Detecting C compiler ABI info compiled with the following output:
Change Dir: /home/kh/libiio/build/CMakeFiles/CMakeTmp

Run Build Command:"/usr/bin/make" "cmTC_6ce0b/fast"
/usr/bin/make -f CMakeFiles/cmTC_6ce0b.dir/build.make CMakeFiles/cmTC_6ce0b.dir/build
make[1]: Entering directory '/home/kh/libiio/build/CMakeFiles/CMakeTmp'
Building C object CMakeFiles/cmTC_6ce0b.dir/CMakeCCompilerABI.c.o
/usr/bin/cc     -o CMakeFiles/cmTC_6ce0b.dir/CMakeCCompilerABI.c.o   -c /usr/share/cmake-3.5/Modules/CMakeCCompilerABI.c
Linking C executable cmTC_6ce0b
/usr/bin/cmake -E cmake_link_script CMakeFiles/cmTC_6ce0b.dir/link.txt --verbose=1
/usr/bin/cc      -v CMakeFiles/cmTC_6ce0b.dir/CMakeCCompilerABI.c.o  -o cmTC_6ce0b -rdynamic  
Using built-in specs.
COLLECT_GCC=/usr/bin/cc
COLLECT_LTO_WRAPPER=/usr/lib/gcc/x86_64-linux-gnu/5/lto-wrapper
Target: x86_64-linux-gnu
Configured with: ../src/configure -v --with-pkgversion='Ubuntu 5.4.0-6ubuntu1~16.04.9' --with-bugurl=file:///usr/share/doc/gcc-5/README.Bugs --enable-languages=c,ada,c++,java,go,d,fortran,objc,obj-c++ --prefix=/usr --program-suffix=-5 --enable-shared --enable-linker-build-id --libexecdir=/usr/lib --without-included-gettext --enable-threads=posix --libdir=/usr/lib --enable-nls --with-sysroot=/ --enable-clocale=gnu --enable-libstdcxx-debug --enable-libstdcxx-time=yes --with-default-libstdcxx-abi=new --enable-gnu-unique-object --disable-vtable-verify --enable-libmpx --enable-plugin --with-system-zlib --disable-browser-plugin --enable-java-awt=gtk --enable-gtk-cairo --with-java-home=/usr/lib/jvm/java-1.5.0-gcj-5-amd64/jre --enable-java-home --with-jvm-root-dir=/usr/lib/jvm/java-1.5.0-gcj-5-amd64 --with-jvm-jar-dir=/usr/lib/jvm-exports/java-1.5.0-gcj-5-amd64 --with-arch-directory=amd64 --with-ecj-jar=/usr/share/java/eclipse-ecj.jar --enable-objc-gc --enable-multiarch --disable-werror --with-arch-32=i686 --with-abi=m64 --with-multilib-list=m32,m64,mx32 --enable-multilib --with-tune=generic --enable-checking=release --build=x86_64-linux-gnu --host=x86_64-linux-gnu --target=x86_64-linux-gnu
Thread model: posix
gcc version 5.4.0 20160609 (Ubuntu 5.4.0-6ubuntu1~16.04.9) 
COMPILER_PATH=/usr/lib/gcc/x86_64-linux-gnu/5/:/usr/lib/gcc/x86_64-linux-gnu/5/:/usr/lib/gcc/x86_64-linux-gnu/:/usr/lib/gcc/x86_64-linux-gnu/5/:/usr/lib/gcc/x86_64-linux-gnu/
LIBRARY_PATH=/usr/lib/gcc/x86_64-linux-gnu/5/:/usr/lib/gcc/x86_64-linux-gnu/5/../../../x86_64-linux-gnu/:/usr/lib/gcc/x86_64-linux-gnu/5/../../../../lib/:/lib/x86_64-linux-gnu/:/lib/../lib/:/usr/lib/x86_64-linux-gnu/:/usr/lib/../lib/:/usr/lib/gcc/x86_64-linux-gnu/5/../../../:/lib/:/usr/lib/
COLLECT_GCC_OPTIONS='-v' '-o' 'cmTC_6ce0b' '-rdynamic' '-mtune=generic' '-march=x86-64'
 /usr/lib/gcc/x86_64-linux-gnu/5/collect2 -plugin /usr/lib/gcc/x86_64-linux-gnu/5/liblto_plugin.so -plugin-opt=/usr/lib/gcc/x86_64-linux-gnu/5/lto-wrapper -plugin-opt=-fresolution=/tmp/ccv2ZPbi.res -plugin-opt=-pass-through=-lgcc -plugin-opt=-pass-through=-lgcc_s -plugin-opt=-pass-through=-lc -plugin-opt=-pass-through=-lgcc -plugin-opt=-pass-through=-lgcc_s --sysroot=/ --build-id --eh-frame-hdr -m elf_x86_64 --hash-style=gnu --as-needed -export-dynamic -dynamic-linker /lib64/ld-linux-x86-64.so.2 -z relro -o cmTC_6ce0b /usr/lib/gcc/x86_64-linux-gnu/5/../../../x86_64-linux-gnu/crt1.o /usr/lib/gcc/x86_64-linux-gnu/5/../../../x86_64-linux-gnu/crti.o /usr/lib/gcc/x86_64-linux-gnu/5/crtbegin.o -L/usr/lib/gcc/x86_64-linux-gnu/5 -L/usr/lib/gcc/x86_64-linux-gnu/5/../../../x86_64-linux-gnu -L/usr/lib/gcc/x86_64-linux-gnu/5/../../../../lib -L/lib/x86_64-linux-gnu -L/lib/../lib -L/usr/lib/x86_64-linux-gnu -L/usr/lib/../lib -L/usr/lib/gcc/x86_64-linux-gnu/5/../../.. CMakeFiles/cmTC_6ce0b.dir/CMakeCCompilerABI.c.o -lgcc --as-needed -lgcc_s --no-as-needed -lc -lgcc --as-needed -lgcc_s --no-as-needed /usr/lib/gcc/x86_64-linux-gnu/5/crtend.o /usr/lib/gcc/x86_64-linux-gnu/5/../../../x86_64-linux-gnu/crtn.o
make[1]: Leaving directory '/home/kh/libiio/build/CMakeFiles/CMakeTmp'


Parsed C implicit link information from above output:
  link line regex: [^( *|.*[/\])(ld|([^/\]+-)?ld|collect2)[^/\]*( |$)]
  ignore line: [Change Dir: /home/kh/libiio/build/CMakeFiles/CMakeTmp]
  ignore line: []
  ignore line: [Run Build Command:"/usr/bin/make" "cmTC_6ce0b/fast"]
  ignore line: [/usr/bin/make -f CMakeFiles/cmTC_6ce0b.dir/build.make CMakeFiles/cmTC_6ce0b.dir/build]
  ignore line: [make[1]: Entering directory '/home/kh/libiio/build/CMakeFiles/CMakeTmp']
  ignore line: [Building C object CMakeFiles/cmTC_6ce0b.dir/CMakeCCompilerABI.c.o]
  ignore line: [/usr/bin/cc     -o CMakeFiles/cmTC_6ce0b.dir/CMakeCCompilerABI.c.o   -c /usr/share/cmake-3.5/Modules/CMakeCCompilerABI.c]
  ignore line: [Linking C executable cmTC_6ce0b]
  ignore line: [/usr/bin/cmake -E cmake_link_script CMakeFiles/cmTC_6ce0b.dir/link.txt --verbose=1]
  ignore line: [/usr/bin/cc      -v CMakeFiles/cmTC_6ce0b.dir/CMakeCCompilerABI.c.o  -o cmTC_6ce0b -rdynamic  ]
  ignore line: [Using built-in specs.]
  ignore line: [COLLECT_GCC=/usr/bin/cc]
  ignore line: [COLLECT_LTO_WRAPPER=/usr/lib/gcc/x86_64-linux-gnu/5/lto-wrapper]
  ignore line: [Target: x86_64-linux-gnu]
  ignore line: [Configured with: ../src/configure -v --with-pkgversion='Ubuntu 5.4.0-6ubuntu1~16.04.9' --with-bugurl=file:///usr/share/doc/gcc-5/README.Bugs --enable-languages=c,ada,c++,java,go,d,fortran,objc,obj-c++ --prefix=/usr --program-suffix=-5 --enable-shared --enable-linker-build-id --libexecdir=/usr/lib --without-included-gettext --enable-threads=posix --libdir=/usr/lib --enable-nls --with-sysroot=/ --enable-clocale=gnu --enable-libstdcxx-debug --enable-libstdcxx-time=yes --with-default-libstdcxx-abi=new --enable-gnu-unique-object --disable-vtable-verify --enable-libmpx --enable-plugin --with-system-zlib --disable-browser-plugin --enable-java-awt=gtk --enable-gtk-cairo --with-java-home=/usr/lib/jvm/java-1.5.0-gcj-5-amd64/jre --enable-java-home --with-jvm-root-dir=/usr/lib/jvm/java-1.5.0-gcj-5-amd64 --with-jvm-jar-dir=/usr/lib/jvm-exports/java-1.5.0-gcj-5-amd64 --with-arch-directory=amd64 --with-ecj-jar=/usr/share/java/eclipse-ecj.jar --enable-objc-gc --enable-multiarch --disable-werror --with-arch-32=i686 --with-abi=m64 --with-multilib-list=m32,m64,mx32 --enable-multilib --with-tune=generic --enable-checking=release --build=x86_64-linux-gnu --host=x86_64-linux-gnu --target=x86_64-linux-gnu]
  ignore line: [Thread model: posix]
  ignore line: [gcc version 5.4.0 20160609 (Ubuntu 5.4.0-6ubuntu1~16.04.9) ]
  ignore line: [COMPILER_PATH=/usr/lib/gcc/x86_64-linux-gnu/5/:/usr/lib/gcc/x86_64-linux-gnu/5/:/usr/lib/gcc/x86_64-linux-gnu/:/usr/lib/gcc/x86_64-linux-gnu/5/:/usr/lib/gcc/x86_64-linux-gnu/]
  ignore line: [LIBRARY_PATH=/usr/lib/gcc/x86_64-linux-gnu/5/:/usr/lib/gcc/x86_64-linux-gnu/5/../../../x86_64-linux-gnu/:/usr/lib/gcc/x86_64-linux-gnu/5/../../../../lib/:/lib/x86_64-linux-gnu/:/lib/../lib/:/usr/lib/x86_64-linux-gnu/:/usr/lib/../lib/:/usr/lib/gcc/x86_64-linux-gnu/5/../../../:/lib/:/usr/lib/]
  ignore line: [COLLECT_GCC_OPTIONS='-v' '-o' 'cmTC_6ce0b' '-rdynamic' '-mtune=generic' '-march=x86-64']
  link line: [ /usr/lib/gcc/x86_64-linux-gnu/5/collect2 -plugin /usr/lib/gcc/x86_64-linux-gnu/5/liblto_plugin.so -plugin-opt=/usr/lib/gcc/x86_64-linux-gnu/5/lto-wrapper -plugin-opt=-fresolution=/tmp/ccv2ZPbi.res -plugin-opt=-pass-through=-lgcc -plugin-opt=-pass-through=-lgcc_s -plugin-opt=-pass-through=-lc -plugin-opt=-pass-through=-lgcc -plugin-opt=-pass-through=-lgcc_s --sysroot=/ --build-id --eh-frame-hdr -m elf_x86_64 --hash-style=gnu --as-needed -export-dynamic -dynamic-linker /lib64/ld-linux-x86-64.so.2 -z relro -o cmTC_6ce0b /usr/lib/gcc/x86_64-linux-gnu/5/../../../x86_64-linux-gnu/crt1.o /usr/lib/gcc/x86_64-linux-gnu/5/../../../x86_64-linux-gnu/crti.o /usr/lib/gcc/x86_64-linux-gnu/5/crtbegin.o -L/usr/lib/gcc/x86_64-linux-gnu/5 -L/usr/lib/gcc/x86_64-linux-gnu/5/../../../x86_64-linux-gnu -L/usr/lib/gcc/x86_64-linux-gnu/5/../../../../lib -L/lib/x86_64-linux-gnu -L/lib/../lib -L/usr/lib/x86_64-linux-gnu -L/usr/lib/../lib -L/usr/lib/gcc/x86_64-linux-gnu/5/../../.. CMakeFiles/cmTC_6ce0b.dir/CMakeCCompilerABI.c.o -lgcc --as-needed -lgcc_s --no-as-needed -lc -lgcc --as-needed -lgcc_s --no-as-needed /usr/lib/gcc/x86_64-linux-gnu/5/crtend.o /usr/lib/gcc/x86_64-linux-gnu/5/../../../x86_64-linux-gnu/crtn.o]
    arg [/usr/lib/gcc/x86_64-linux-gnu/5/collect2] ==> ignore
    arg [-plugin] ==> ignore
    arg [/usr/lib/gcc/x86_64-linux-gnu/5/liblto_plugin.so] ==> ignore
    arg [-plugin-opt=/usr/lib/gcc/x86_64-linux-gnu/5/lto-wrapper] ==> ignore
    arg [-plugin-opt=-fresolution=/tmp/ccv2ZPbi.res] ==> ignore
    arg [-plugin-opt=-pass-through=-lgcc] ==> ignore
    arg [-plugin-opt=-pass-through=-lgcc_s] ==> ignore
    arg [-plugin-opt=-pass-through=-lc] ==> ignore
    arg [-plugin-opt=-pass-through=-lgcc] ==> ignore
    arg [-plugin-opt=-pass-through=-lgcc_s] ==> ignore
    arg [--sysroot=/] ==> ignore
    arg [--build-id] ==> ignore
    arg [--eh-frame-hdr] ==> ignore
    arg [-m] ==> ignore
    arg [elf_x86_64] ==> ignore
    arg [--hash-style=gnu] ==> ignore
    arg [--as-needed] ==> ignore
    arg [-export-dynamic] ==> ignore
    arg [-dynamic-linker] ==> ignore
    arg [/lib64/ld-linux-x86-64.so.2] ==> ignore
    arg [-zrelro] ==> ignore
    arg [-o] ==> ignore
    arg [cmTC_6ce0b] ==> ignore
    arg [/usr/lib/gcc/x86_64-linux-gnu/5/../../../x86_64-linux-gnu/crt1.o] ==> ignore
    arg [/usr/lib/gcc/x86_64-linux-gnu/5/../../../x86_64-linux-gnu/crti.o] ==> ignore
    arg [/usr/lib/gcc/x86_64-linux-gnu/5/crtbegin.o] ==> ignore
    arg [-L/usr/lib/gcc/x86_64-linux-gnu/5] ==> dir [/usr/lib/gcc/x86_64-linux-gnu/5]
    arg [-L/usr/lib/gcc/x86_64-linux-gnu/5/../../../x86_64-linux-gnu] ==> dir [/usr/lib/gcc/x86_64-linux-gnu/5/../../../x86_64-linux-gnu]
    arg [-L/usr/lib/gcc/x86_64-linux-gnu/5/../../../../lib] ==> dir [/usr/lib/gcc/x86_64-linux-gnu/5/../../../../lib]
    arg [-L/lib/x86_64-linux-gnu] ==> dir [/lib/x86_64-linux-gnu]
    arg [-L/lib/../lib] ==> dir [/lib/../lib]
    arg [-L/usr/lib/x86_64-linux-gnu] ==> dir [/usr/lib/x86_64-linux-gnu]
    arg [-L/usr/lib/../lib] ==> dir [/usr/lib/../lib]
    arg [-L/usr/lib/gcc/x86_64-linux-gnu/5/../../..] ==> dir [/usr/lib/gcc/x86_64-linux-gnu/5/../../..]
    arg [CMakeFiles/cmTC_6ce0b.dir/CMakeCCompilerABI.c.o] ==> ignore
    arg [-lgcc] ==> lib [gcc]
    arg [--as-needed] ==> ignore
    arg [-lgcc_s] ==> lib [gcc_s]
    arg [--no-as-needed] ==> ignore
    arg [-lc] ==> lib [c]
    arg [-lgcc] ==> lib [gcc]
    arg [--as-needed] ==> ignore
    arg [-lgcc_s] ==> lib [gcc_s]
    arg [--no-as-needed] ==> ignore
    arg [/usr/lib/gcc/x86_64-linux-gnu/5/crtend.o] ==> ignore
    arg [/usr/lib/gcc/x86_64-linux-gnu/5/../../../x86_64-linux-gnu/crtn.o] ==> ignore
  remove lib [gcc]
  remove lib [gcc_s]
  remove lib [gcc]
  remove lib [gcc_s]
  collapse library dir [/usr/lib/gcc/x86_64-linux-gnu/5] ==> [/usr/lib/gcc/x86_64-linux-gnu/5]
  collapse library dir [/usr/lib/gcc/x86_64-linux-gnu/5/../../../x86_64-linux-gnu] ==> [/usr/lib/x86_64-linux-gnu]
  collapse library dir [/usr/lib/gcc/x86_64-linux-gnu/5/../../../../lib] ==> [/usr/lib]
  collapse library dir [/lib/x86_64-linux-gnu] ==> [/lib/x86_64-linux-gnu]
  collapse library dir [/lib/../lib] ==> [/lib]
  collapse library dir [/usr/lib/x86_64-linux-gnu] ==> [/usr/lib/x86_64-linux-gnu]
  collapse library dir [/usr/lib/../lib] ==> [/usr/lib]
  collapse library dir [/usr/lib/gcc/x86_64-linux-gnu/5/../../..] ==> [/usr/lib]
  implicit libs: [c]
  implicit dirs: [/usr/lib/gcc/x86_64-linux-gnu/5;/usr/lib/x86_64-linux-gnu;/usr/lib;/lib/x86_64-linux-gnu;/lib]
  implicit fwks: []




Detecting C [-std=c11] compiler features compiled with the following output:
Change Dir: /home/kh/libiio/build/CMakeFiles/CMakeTmp

Run Build Command:"/usr/bin/make" "cmTC_c02dd/fast"
/usr/bin/make -f CMakeFiles/cmTC_c02dd.dir/build.make CMakeFiles/cmTC_c02dd.dir/build
make[1]: Entering directory '/home/kh/libiio/build/CMakeFiles/CMakeTmp'
Building C object CMakeFiles/cmTC_c02dd.dir/feature_tests.c.o
/usr/bin/cc    -std=c11 -o CMakeFiles/cmTC_c02dd.dir/feature_tests.c.o   -c /home/kh/libiio/build/CMakeFiles/feature_tests.c
Linking C executable cmTC_c02dd
/usr/bin/cmake -E cmake_link_script CMakeFiles/cmTC_c02dd.dir/link.txt --verbose=1
/usr/bin/cc       CMakeFiles/cmTC_c02dd.dir/feature_tests.c.o  -o cmTC_c02dd -rdynamic 
make[1]: Leaving directory '/home/kh/libiio/build/CMakeFiles/CMakeTmp'


    Feature record: C_FEATURE:1c_function_prototypes
    Feature record: C_FEATURE:1c_restrict
    Feature record: C_FEATURE:1c_static_assert
    Feature record: C_FEATURE:1c_variadic_macros


Detecting C [-std=c99] compiler features compiled with the following output:
Change Dir: /home/kh/libiio/build/CMakeFiles/CMakeTmp

Run Build Command:"/usr/bin/make" "cmTC_7656e/fast"
/usr/bin/make -f CMakeFiles/cmTC_7656e.dir/build.make CMakeFiles/cmTC_7656e.dir/build
make[1]: Entering directory '/home/kh/libiio/build/CMakeFiles/CMakeTmp'
Building C object CMakeFiles/cmTC_7656e.dir/feature_tests.c.o
/usr/bin/cc    -std=c99 -o CMakeFiles/cmTC_7656e.dir/feature_tests.c.o   -c /home/kh/libiio/build/CMakeFiles/feature_tests.c
Linking C executable cmTC_7656e
/usr/bin/cmake -E cmake_link_script CMakeFiles/cmTC_7656e.dir/link.txt --verbose=1
/usr/bin/cc       CMakeFiles/cmTC_7656e.dir/feature_tests.c.o  -o cmTC_7656e -rdynamic 
make[1]: Leaving directory '/home/kh/libiio/build/CMakeFiles/CMakeTmp'


    Feature record: C_FEATURE:1c_function_prototypes
    Feature record: C_FEATURE:1c_restrict
    Feature record: C_FEATURE:0c_static_assert
    Feature record: C_FEATURE:1c_variadic_macros


Detecting C [-std=c90] compiler features compiled with the following output:
Change Dir: /home/kh/libiio/build/CMakeFiles/CMakeTmp

Run Build Command:"/usr/bin/make" "cmTC_af8d4/fast"
/usr/bin/make -f CMakeFiles/cmTC_af8d4.dir/build.make CMakeFiles/cmTC_af8d4.dir/build
make[1]: Entering directory '/home/kh/libiio/build/CMakeFiles/CMakeTmp'
Building C object CMakeFiles/cmTC_af8d4.dir/feature_tests.c.o
/usr/bin/cc    -std=c90 -o CMakeFiles/cmTC_af8d4.dir/feature_tests.c.o   -c /home/kh/libiio/build/CMakeFiles/feature_tests.c
Linking C executable cmTC_af8d4
/usr/bin/cmake -E cmake_link_script CMakeFiles/cmTC_af8d4.dir/link.txt --verbose=1
/usr/bin/cc       CMakeFiles/cmTC_af8d4.dir/feature_tests.c.o  -o cmTC_af8d4 -rdynamic 
make[1]: Leaving directory '/home/kh/libiio/build/CMakeFiles/CMakeTmp'


    Feature record: C_FEATURE:1c_function_prototypes
    Feature record: C_FEATURE:0c_restrict
    Feature record: C_FEATURE:0c_static_assert
    Feature record: C_FEATURE:0c_variadic_macros
Performing C SOURCE FILE Test HAS_WPEDANTIC succeeded with the following output:
Change Dir: /home/kh/libiio/build/CMakeFiles/CMakeTmp

Run Build Command:"/usr/bin/make" "cmTC_ddf96/fast"
/usr/bin/make -f CMakeFiles/cmTC_ddf96.dir/build.make CMakeFiles/cmTC_ddf96.dir/build
make[1]: Entering directory '/home/kh/libiio/build/CMakeFiles/CMakeTmp'
Building C object CMakeFiles/cmTC_ddf96.dir/src.c.o
/usr/bin/cc    -fvisibility=hidden -Wall -Wextra -Wno-unused-parameter -Wno-sign-compare -DHAS_WPEDANTIC   -Wpedantic -o CMakeFiles/cmTC_ddf96.dir/src.c.o   -c /home/kh/libiio/build/CMakeFiles/CMakeTmp/src.c
Linking C executable cmTC_ddf96
/usr/bin/cmake -E cmake_link_script CMakeFiles/cmTC_ddf96.dir/link.txt --verbose=1
/usr/bin/cc   -fvisibility=hidden -Wall -Wextra -Wno-unused-parameter -Wno-sign-compare -DHAS_WPEDANTIC    CMakeFiles/cmTC_ddf96.dir/src.c.o  -o cmTC_ddf96 -rdynamic 
make[1]: Leaving directory '/home/kh/libiio/build/CMakeFiles/CMakeTmp'

Source file was:
int main(void) { return 0; }
Determining if the strdup exist passed with the following output:
Change Dir: /home/kh/libiio/build/CMakeFiles/CMakeTmp

Run Build Command:"/usr/bin/make" "cmTC_2b104/fast"
/usr/bin/make -f CMakeFiles/cmTC_2b104.dir/build.make CMakeFiles/cmTC_2b104.dir/build
make[1]: Entering directory '/home/kh/libiio/build/CMakeFiles/CMakeTmp'
Building C object CMakeFiles/cmTC_2b104.dir/CheckSymbolExists.c.o
/usr/bin/cc    -fvisibility=hidden -Wall -Wextra -Wno-unused-parameter -Wno-sign-compare -Wpedantic    -o CMakeFiles/cmTC_2b104.dir/CheckSymbolExists.c.o   -c /home/kh/libiio/build/CMakeFiles/CMakeTmp/CheckSymbolExists.c
/home/kh/libiio/build/CMakeFiles/CMakeTmp/CheckSymbolExists.c: In function ‘main’:
/home/kh/libiio/build/CMakeFiles/CMakeTmp/CheckSymbolExists.c:8:11: warning: ISO C forbids conversion of function pointer to object pointer type [-Wpedantic]
   return ((int*)(&strdup))[argc];
           ^
Linking C executable cmTC_2b104
/usr/bin/cmake -E cmake_link_script CMakeFiles/cmTC_2b104.dir/link.txt --verbose=1
/usr/bin/cc   -fvisibility=hidden -Wall -Wextra -Wno-unused-parameter -Wno-sign-compare -Wpedantic     CMakeFiles/cmTC_2b104.dir/CheckSymbolExists.c.o  -o cmTC_2b104 -rdynamic 
make[1]: Leaving directory '/home/kh/libiio/build/CMakeFiles/CMakeTmp'

File /home/kh/libiio/build/CMakeFiles/CMakeTmp/CheckSymbolExists.c:
/* */
#include <string.h>

int main(int argc, char** argv)
{
  (void)argv;
#ifndef strdup
  return ((int*)(&strdup))[argc];
#else
  (void)argc;
  return 0;
#endif
}

Determining if the strerror_r exist passed with the following output:
Change Dir: /home/kh/libiio/build/CMakeFiles/CMakeTmp

Run Build Command:"/usr/bin/make" "cmTC_06ef0/fast"
/usr/bin/make -f CMakeFiles/cmTC_06ef0.dir/build.make CMakeFiles/cmTC_06ef0.dir/build
make[1]: Entering directory '/home/kh/libiio/build/CMakeFiles/CMakeTmp'
Building C object CMakeFiles/cmTC_06ef0.dir/CheckSymbolExists.c.o
/usr/bin/cc    -fvisibility=hidden -Wall -Wextra -Wno-unused-parameter -Wno-sign-compare -Wpedantic    -o CMakeFiles/cmTC_06ef0.dir/CheckSymbolExists.c.o   -c /home/kh/libiio/build/CMakeFiles/CMakeTmp/CheckSymbolExists.c
/home/kh/libiio/build/CMakeFiles/CMakeTmp/CheckSymbolExists.c: In function ‘main’:
/home/kh/libiio/build/CMakeFiles/CMakeTmp/CheckSymbolExists.c:8:11: warning: ISO C forbids conversion of function pointer to object pointer type [-Wpedantic]
   return ((int*)(&strerror_r))[argc];
           ^
Linking C executable cmTC_06ef0
/usr/bin/cmake -E cmake_link_script CMakeFiles/cmTC_06ef0.dir/link.txt --verbose=1
/usr/bin/cc   -fvisibility=hidden -Wall -Wextra -Wno-unused-parameter -Wno-sign-compare -Wpedantic     CMakeFiles/cmTC_06ef0.dir/CheckSymbolExists.c.o  -o cmTC_06ef0 -rdynamic 
make[1]: Leaving directory '/home/kh/libiio/build/CMakeFiles/CMakeTmp'

File /home/kh/libiio/build/CMakeFiles/CMakeTmp/CheckSymbolExists.c:
/* */
#include <string.h>

int main(int argc, char** argv)
{
  (void)argv;
#ifndef strerror_r
  return ((int*)(&strerror_r))[argc];
#else
  (void)argc;
  return 0;
#endif
}

Determining if the newlocale exist passed with the following output:
Change Dir: /home/kh/libiio/build/CMakeFiles/CMakeTmp

Run Build Command:"/usr/bin/make" "cmTC_c8ec3/fast"
/usr/bin/make -f CMakeFiles/cmTC_c8ec3.dir/build.make CMakeFiles/cmTC_c8ec3.dir/build
make[1]: Entering directory '/home/kh/libiio/build/CMakeFiles/CMakeTmp'
Building C object CMakeFiles/cmTC_c8ec3.dir/CheckSymbolExists.c.o
/usr/bin/cc    -fvisibility=hidden -Wall -Wextra -Wno-unused-parameter -Wno-sign-compare -Wpedantic    -o CMakeFiles/cmTC_c8ec3.dir/CheckSymbolExists.c.o   -c /home/kh/libiio/build/CMakeFiles/CMakeTmp/CheckSymbolExists.c
/home/kh/libiio/build/CMakeFiles/CMakeTmp/CheckSymbolExists.c: In function ‘main’:
/home/kh/libiio/build/CMakeFiles/CMakeTmp/CheckSymbolExists.c:8:11: warning: ISO C forbids conversion of function pointer to object pointer type [-Wpedantic]
   return ((int*)(&newlocale))[argc];
           ^
Linking C executable cmTC_c8ec3
/usr/bin/cmake -E cmake_link_script CMakeFiles/cmTC_c8ec3.dir/link.txt --verbose=1
/usr/bin/cc   -fvisibility=hidden -Wall -Wextra -Wno-unused-parameter -Wno-sign-compare -Wpedantic     CMakeFiles/cmTC_c8ec3.dir/CheckSymbolExists.c.o  -o cmTC_c8ec3 -rdynamic 
make[1]: Leaving directory '/home/kh/libiio/build/CMakeFiles/CMakeTmp'

File /home/kh/libiio/build/CMakeFiles/CMakeTmp/CheckSymbolExists.c:
/* */
#include <locale.h>

int main(int argc, char** argv)
{
  (void)argv;
#ifndef newlocale
  return ((int*)(&newlocale))[argc];
#else
  (void)argc;
  return 0;
#endif
}

Determining if the in6addr_any exist passed with the following output:
Change Dir: /home/kh/libiio/build/CMakeFiles/CMakeTmp

Run Build Command:"/usr/bin/make" "cmTC_c739c/fast"
/usr/bin/make -f CMakeFiles/cmTC_c739c.dir/build.make CMakeFiles/cmTC_c739c.dir/build
make[1]: Entering directory '/home/kh/libiio/build/CMakeFiles/CMakeTmp'
Building C object CMakeFiles/cmTC_c739c.dir/CheckSymbolExists.c.o
/usr/bin/cc  -D_GNU_SOURCE=1  -fvisibility=hidden -Wall -Wextra -Wno-unused-parameter -Wno-sign-compare -Wpedantic    -o CMakeFiles/cmTC_c739c.dir/CheckSymbolExists.c.o   -c /home/kh/libiio/build/CMakeFiles/CMakeTmp/CheckSymbolExists.c
Linking C executable cmTC_c739c
/usr/bin/cmake -E cmake_link_script CMakeFiles/cmTC_c739c.dir/link.txt --verbose=1
/usr/bin/cc   -fvisibility=hidden -Wall -Wextra -Wno-unused-parameter -Wno-sign-compare -Wpedantic     CMakeFiles/cmTC_c739c.dir/CheckSymbolExists.c.o  -o cmTC_c739c -rdynamic 
make[1]: Leaving directory '/home/kh/libiio/build/CMakeFiles/CMakeTmp'

File /home/kh/libiio/build/CMakeFiles/CMakeTmp/CheckSymbolExists.c:
/* */
#include <netinet/in.h>

int main(int argc, char** argv)
{
  (void)argv;
#ifndef in6addr_any
  return ((int*)(&in6addr_any))[argc];
#else
  (void)argc;
  return 0;
#endif
}

Performing C SOURCE FILE Test HAS_O_TMPFILE succeeded with the following output:
Change Dir: /home/kh/libiio/build/CMakeFiles/CMakeTmp

Run Build Command:"/usr/bin/make" "cmTC_1386b/fast"
/usr/bin/make -f CMakeFiles/cmTC_1386b.dir/build.make CMakeFiles/cmTC_1386b.dir/build
make[1]: Entering directory '/home/kh/libiio/build/CMakeFiles/CMakeTmp'
Building C object CMakeFiles/cmTC_1386b.dir/src.c.o
/usr/bin/cc  -D_GNU_SOURCE=1  -fvisibility=hidden -Wall -Wextra -Wno-unused-parameter -Wno-sign-compare -Wpedantic -DHAS_O_TMPFILE   -o CMakeFiles/cmTC_1386b.dir/src.c.o   -c /home/kh/libiio/build/CMakeFiles/CMakeTmp/src.c
Linking C executable cmTC_1386b
/usr/bin/cmake -E cmake_link_script CMakeFiles/cmTC_1386b.dir/link.txt --verbose=1
/usr/bin/cc   -fvisibility=hidden -Wall -Wextra -Wno-unused-parameter -Wno-sign-compare -Wpedantic -DHAS_O_TMPFILE    CMakeFiles/cmTC_1386b.dir/src.c.o  -o cmTC_1386b -rdynamic 
make[1]: Leaving directory '/home/kh/libiio/build/CMakeFiles/CMakeTmp'

Source file was:
#include <fcntl.h>
int main(void) { return O_TMPFILE; }
Performing C SOURCE FILE Test WITH_NETWORK_EVENTFD succeeded with the following output:
Change Dir: /home/kh/libiio/build/CMakeFiles/CMakeTmp

Run Build Command:"/usr/bin/make" "cmTC_151c8/fast"
/usr/bin/make -f CMakeFiles/cmTC_151c8.dir/build.make CMakeFiles/cmTC_151c8.dir/build
make[1]: Entering directory '/home/kh/libiio/build/CMakeFiles/CMakeTmp'
Building C object CMakeFiles/cmTC_151c8.dir/src.c.o
/usr/bin/cc  -D_GNU_SOURCE=1  -fvisibility=hidden -Wall -Wextra -Wno-unused-parameter -Wno-sign-compare -Wpedantic -DWITH_NETWORK_EVENTFD   -o CMakeFiles/cmTC_151c8.dir/src.c.o   -c /home/kh/libiio/build/CMakeFiles/CMakeTmp/src.c
Linking C executable cmTC_151c8
/usr/bin/cmake -E cmake_link_script CMakeFiles/cmTC_151c8.dir/link.txt --verbose=1
/usr/bin/cc   -fvisibility=hidden -Wall -Wextra -Wno-unused-parameter -Wno-sign-compare -Wpedantic -DWITH_NETWORK_EVENTFD    CMakeFiles/cmTC_151c8.dir/src.c.o  -o cmTC_151c8 -rdynamic 
make[1]: Leaving directory '/home/kh/libiio/build/CMakeFiles/CMakeTmp'

Source file was:
#include <sys/eventfd.h>
int main(void) { return eventfd(0, EFD_CLOEXEC | EFD_NONBLOCK); }
Performing C SOURCE FILE Test HAS_PIPE2 succeeded with the following output:
Change Dir: /home/kh/libiio/build/CMakeFiles/CMakeTmp

Run Build Command:"/usr/bin/make" "cmTC_17c73/fast"
/usr/bin/make -f CMakeFiles/cmTC_17c73.dir/build.make CMakeFiles/cmTC_17c73.dir/build
make[1]: Entering directory '/home/kh/libiio/build/CMakeFiles/CMakeTmp'
Building C object CMakeFiles/cmTC_17c73.dir/src.c.o
/usr/bin/cc  -D_GNU_SOURCE=1  -fvisibility=hidden -Wall -Wextra -Wno-unused-parameter -Wno-sign-compare -Wpedantic -DHAS_PIPE2   -o CMakeFiles/cmTC_17c73.dir/src.c.o   -c /home/kh/libiio/build/CMakeFiles/CMakeTmp/src.c
Linking C executable cmTC_17c73
/usr/bin/cmake -E cmake_link_script CMakeFiles/cmTC_17c73.dir/link.txt --verbose=1
/usr/bin/cc   -fvisibility=hidden -Wall -Wextra -Wno-unused-parameter -Wno-sign-compare -Wpedantic -DHAS_PIPE2    CMakeFiles/cmTC_17c73.dir/src.c.o  -o cmTC_17c73 -rdynamic 
make[1]: Leaving directory '/home/kh/libiio/build/CMakeFiles/CMakeTmp'

Source file was:
#include <unistd.h>
#include <fcntl.h>
int main(void) { int fd[2]; return pipe2(fd, O_CLOEXEC | O_NONBLOCK); }
Determining if the include file sys/types.h exists passed with the following output:
Change Dir: /home/kh/libiio/build/CMakeFiles/CMakeTmp

Run Build Command:"/usr/bin/make" "cmTC_54da8/fast"
/usr/bin/make -f CMakeFiles/cmTC_54da8.dir/build.make CMakeFiles/cmTC_54da8.dir/build
make[1]: Entering directory '/home/kh/libiio/build/CMakeFiles/CMakeTmp'
Building C object CMakeFiles/cmTC_54da8.dir/CheckIncludeFile.c.o
/usr/bin/cc  -D_GNU_SOURCE=1  -fvisibility=hidden -Wall -Wextra -Wno-unused-parameter -Wno-sign-compare -Wpedantic    -o CMakeFiles/cmTC_54da8.dir/CheckIncludeFile.c.o   -c /home/kh/libiio/build/CMakeFiles/CMakeTmp/CheckIncludeFile.c
Linking C executable cmTC_54da8
/usr/bin/cmake -E cmake_link_script CMakeFiles/cmTC_54da8.dir/link.txt --verbose=1
/usr/bin/cc   -fvisibility=hidden -Wall -Wextra -Wno-unused-parameter -Wno-sign-compare -Wpedantic     CMakeFiles/cmTC_54da8.dir/CheckIncludeFile.c.o  -o cmTC_54da8 -rdynamic 
make[1]: Leaving directory '/home/kh/libiio/build/CMakeFiles/CMakeTmp'


Determining if the include file stdint.h exists passed with the following output:
Change Dir: /home/kh/libiio/build/CMakeFiles/CMakeTmp

Run Build Command:"/usr/bin/make" "cmTC_89cf8/fast"
/usr/bin/make -f CMakeFiles/cmTC_89cf8.dir/build.make CMakeFiles/cmTC_89cf8.dir/build
make[1]: Entering directory '/home/kh/libiio/build/CMakeFiles/CMakeTmp'
Building C object CMakeFiles/cmTC_89cf8.dir/CheckIncludeFile.c.o
/usr/bin/cc  -D_GNU_SOURCE=1  -fvisibility=hidden -Wall -Wextra -Wno-unused-parameter -Wno-sign-compare -Wpedantic    -o CMakeFiles/cmTC_89cf8.dir/CheckIncludeFile.c.o   -c /home/kh/libiio/build/CMakeFiles/CMakeTmp/CheckIncludeFile.c
Linking C executable cmTC_89cf8
/usr/bin/cmake -E cmake_link_script CMakeFiles/cmTC_89cf8.dir/link.txt --verbose=1
/usr/bin/cc   -fvisibility=hidden -Wall -Wextra -Wno-unused-parameter -Wno-sign-compare -Wpedantic     CMakeFiles/cmTC_89cf8.dir/CheckIncludeFile.c.o  -o cmTC_89cf8 -rdynamic 
make[1]: Leaving directory '/home/kh/libiio/build/CMakeFiles/CMakeTmp'


Determining if the include file stddef.h exists passed with the following output:
Change Dir: /home/kh/libiio/build/CMakeFiles/CMakeTmp

Run Build Command:"/usr/bin/make" "cmTC_f1194/fast"
/usr/bin/make -f CMakeFiles/cmTC_f1194.dir/build.make CMakeFiles/cmTC_f1194.dir/build
make[1]: Entering directory '/home/kh/libiio/build/CMakeFiles/CMakeTmp'
Building C object CMakeFiles/cmTC_f1194.dir/CheckIncludeFile.c.o
/usr/bin/cc  -D_GNU_SOURCE=1  -fvisibility=hidden -Wall -Wextra -Wno-unused-parameter -Wno-sign-compare -Wpedantic    -o CMakeFiles/cmTC_f1194.dir/CheckIncludeFile.c.o   -c /home/kh/libiio/build/CMakeFiles/CMakeTmp/CheckIncludeFile.c
Linking C executable cmTC_f1194
/usr/bin/cmake -E cmake_link_script CMakeFiles/cmTC_f1194.dir/link.txt --verbose=1
/usr/bin/cc   -fvisibility=hidden -Wall -Wextra -Wno-unused-parameter -Wno-sign-compare -Wpedantic     CMakeFiles/cmTC_f1194.dir/CheckIncludeFile.c.o  -o cmTC_f1194 -rdynamic 
make[1]: Leaving directory '/home/kh/libiio/build/CMakeFiles/CMakeTmp'


Determining size of struct usb_functionfs_descs_head_v2 passed with the following output:
Change Dir: /home/kh/libiio/build/CMakeFiles/CMakeTmp

Run Build Command:"/usr/bin/make" "cmTC_cfc1c/fast"
/usr/bin/make -f CMakeFiles/cmTC_cfc1c.dir/build.make CMakeFiles/cmTC_cfc1c.dir/build
make[1]: Entering directory '/home/kh/libiio/build/CMakeFiles/CMakeTmp'
Building C object CMakeFiles/cmTC_cfc1c.dir/FUNCTIONFS_V2.c.o
/usr/bin/cc  -D_GNU_SOURCE=1  -fvisibility=hidden -Wall -Wextra -Wno-unused-parameter -Wno-sign-compare -Wpedantic    -o CMakeFiles/cmTC_cfc1c.dir/FUNCTIONFS_V2.c.o   -c /home/kh/libiio/build/CMakeFiles/CheckTypeSize/FUNCTIONFS_V2.c
Linking C executable cmTC_cfc1c
/usr/bin/cmake -E cmake_link_script CMakeFiles/cmTC_cfc1c.dir/link.txt --verbose=1
/usr/bin/cc   -fvisibility=hidden -Wall -Wextra -Wno-unused-parameter -Wno-sign-compare -Wpedantic     CMakeFiles/cmTC_cfc1c.dir/FUNCTIONFS_V2.c.o  -o cmTC_cfc1c -rdynamic 
make[1]: Leaving directory '/home/kh/libiio/build/CMakeFiles/CMakeTmp'


Determining if the pthread_setname_np exist passed with the following output:
Change Dir: /home/kh/libiio/build/CMakeFiles/CMakeTmp

Run Build Command:"/usr/bin/make" "cmTC_94d12/fast"
/usr/bin/make -f CMakeFiles/cmTC_94d12.dir/build.make CMakeFiles/cmTC_94d12.dir/build
make[1]: Entering directory '/home/kh/libiio/build/CMakeFiles/CMakeTmp'
Building C object CMakeFiles/cmTC_94d12.dir/CheckSymbolExists.c.o
/usr/bin/cc  -D_GNU_SOURCE=1  -fvisibility=hidden -Wall -Wextra -Wno-unused-parameter -Wno-sign-compare -Wpedantic    -o CMakeFiles/cmTC_94d12.dir/CheckSymbolExists.c.o   -c /home/kh/libiio/build/CMakeFiles/CMakeTmp/CheckSymbolExists.c
/home/kh/libiio/build/CMakeFiles/CMakeTmp/CheckSymbolExists.c: In function ‘main’:
/home/kh/libiio/build/CMakeFiles/CMakeTmp/CheckSymbolExists.c:8:11: warning: ISO C forbids conversion of function pointer to object pointer type [-Wpedantic]
   return ((int*)(&pthread_setname_np))[argc];
           ^
Linking C executable cmTC_94d12
/usr/bin/cmake -E cmake_link_script CMakeFiles/cmTC_94d12.dir/link.txt --verbose=1
/usr/bin/cc   -fvisibility=hidden -Wall -Wextra -Wno-unused-parameter -Wno-sign-compare -Wpedantic     CMakeFiles/cmTC_94d12.dir/CheckSymbolExists.c.o  -o cmTC_94d12 -rdynamic -lpthread 
make[1]: Leaving directory '/home/kh/libiio/build/CMakeFiles/CMakeTmp'

File /home/kh/libiio/build/CMakeFiles/CMakeTmp/CheckSymbolExists.c:
/* */
#include <pthread.h>

int main(int argc, char** argv)
{
  (void)argv;
#ifndef pthread_setname_np
  return ((int*)(&pthread_setname_np))[argc];
#else
  (void)argc;
  return 0;
#endif
}

